
Mon Dec  4 21:50:09 EST 2023
cd /data/nipreps-data/ds000005-freesurfer/subjects/sub-01
setenv SUBJECTS_DIR /data/nipreps-data/ds000005-freesurfer/subjects
/usr/local/freesurfer/7.4.1/bin/recon-all -sd subjects -s sub-01 -i sourcedata/ds000005/sub-01/anat/sub-01_T1w.nii.gz

subjid sub-01
setenv SUBJECTS_DIR /data/nipreps-data/ds000005-freesurfer/subjects
FREESURFER_HOME /usr/local/freesurfer/7.4.1
Actual FREESURFER_HOME /usr/local/freesurfer/7.4.1
build-stamp.txt: freesurfer-linux-ubuntu22_x86_64-7.4.1-20230614-7eb8460
Linux church 6.2.0-37-generic #38~22.04.1-Ubuntu SMP PREEMPT_DYNAMIC Thu Nov  2 18:01:13 UTC 2 x86_64 x86_64 x86_64 GNU/Linux
cputime      unlimited
filesize     unlimited
datasize     unlimited
stacksize    8192 kbytes
coredumpsize 0 kbytes
memoryuse    unlimited
vmemoryuse   unlimited
descriptors  1024 
memorylocked 8195408 kbytes
maxproc      255584 
maxlocks     unlimited
maxsignal    255584 
maxmessage   819200 
maxnice      0 
maxrtprio    0 
maxrttime    unlimited

               total        used        free      shared  buff/cache   available
Mem:            62Gi       1.3Gi       8.6Gi        94Mi        52Gi        60Gi
Swap:          2.0Gi       0.0Ki       2.0Gi

########################################
program versions used
7.4.1 (freesurfer-linux-ubuntu22_x86_64-7.4.1-20230614-7eb8460)
7.4.1

ProgramName: lta_convert  ProgramArguments: lta_convert -all-info  ProgramVersion: 7.4.1  TimeStamp: 2023/12/05-02:50:09-GMT  BuildTime: Jun 14 2023 03:45:01  BuildStamp: freesurfer-linux-ubuntu22_x86_64-7.4.1-20230614-7eb8460  User: chris  Machine: church  Platform: Linux  PlatformVersion: 6.2.0-37-generic  CompilerName: GCC  CompilerVersion: 8.4.0
ProgramName: mri_and  ProgramArguments: mri_and -all-info  ProgramVersion: 7.4.1  TimeStamp: 2023/12/05-02:50:09-GMT  BuildTime: Jun 14 2023 03:45:01  BuildStamp: freesurfer-linux-ubuntu22_x86_64-7.4.1-20230614-7eb8460  User: chris  Machine: church  Platform: Linux  PlatformVersion: 6.2.0-37-generic  CompilerName: GCC  CompilerVersion: 8.4.0
ProgramName: mri_annotation2label  ProgramArguments: mri_annotation2label -all-info  ProgramVersion: 7.4.1  TimeStamp: 2023/12/05-02:50:09-GMT  BuildTime: Jun 14 2023 03:45:01  BuildStamp: freesurfer-linux-ubuntu22_x86_64-7.4.1-20230614-7eb8460  User: chris  Machine: church  Platform: Linux  PlatformVersion: 6.2.0-37-generic  CompilerName: GCC  CompilerVersion: 8.4.0
ProgramName: mri_aparc2aseg  ProgramArguments: mri_aparc2aseg -all-info  ProgramVersion: 7.4.1  TimeStamp: 2023/12/05-02:50:09-GMT  BuildTime: Jun 14 2023 03:45:01  BuildStamp: freesurfer-linux-ubuntu22_x86_64-7.4.1-20230614-7eb8460  User: chris  Machine: church  Platform: Linux  PlatformVersion: 6.2.0-37-generic  CompilerName: GCC  CompilerVersion: 8.4.0
ProgramName: mri_surf2volseg  ProgramArguments: mri_surf2volseg -all-info  ProgramVersion: 7.4.1  TimeStamp: 2023/12/05-02:50:09-GMT  BuildTime: Jun 14 2023 03:45:01  BuildStamp: freesurfer-linux-ubuntu22_x86_64-7.4.1-20230614-7eb8460  User: chris  Machine: church  Platform: Linux  PlatformVersion: 6.2.0-37-generic  CompilerName: GCC  CompilerVersion: 8.4.0
ProgramName: mri_binarize  ProgramArguments: mri_binarize -all-info  ProgramVersion: 7.4.1  TimeStamp: 2023/12/05-02:50:09-GMT  BuildTime: Jun 14 2023 03:45:01  BuildStamp: freesurfer-linux-ubuntu22_x86_64-7.4.1-20230614-7eb8460  User: chris  Machine: church  Platform: Linux  PlatformVersion: 6.2.0-37-generic  CompilerName: GCC  CompilerVersion: 8.4.0
ProgramName: mri_ca_label  ProgramArguments: mri_ca_label -all-info  ProgramVersion: 7.4.1  TimeStamp: 2023/12/05-02:50:09-GMT  BuildTime: Jun 14 2023 03:45:01  BuildStamp: freesurfer-linux-ubuntu22_x86_64-7.4.1-20230614-7eb8460  User: chris  Machine: church  Platform: Linux  PlatformVersion: 6.2.0-37-generic  CompilerName: GCC  CompilerVersion: 8.4.0
ProgramName: mri_ca_normalize  ProgramArguments: mri_ca_normalize -all-info  ProgramVersion: 7.4.1  TimeStamp: 2023/12/05-02:50:09-GMT  BuildTime: Jun 14 2023 03:45:01  BuildStamp: freesurfer-linux-ubuntu22_x86_64-7.4.1-20230614-7eb8460  User: chris  Machine: church  Platform: Linux  PlatformVersion: 6.2.0-37-generic  CompilerName: GCC  CompilerVersion: 8.4.0
ProgramName: mri_ca_register  ProgramArguments: mri_ca_register -all-info  ProgramVersion: 7.4.1  TimeStamp: 2023/12/05-02:50:09-GMT  BuildTime: Jun 14 2023 03:45:01  BuildStamp: freesurfer-linux-ubuntu22_x86_64-7.4.1-20230614-7eb8460  User: chris  Machine: church  Platform: Linux  PlatformVersion: 6.2.0-37-generic  CompilerName: GCC  CompilerVersion: 8.4.0
ProgramName: mri_cc  ProgramArguments: mri_cc -all-info  ProgramVersion: 7.4.1  TimeStamp: 2023/12/05-02:50:09-GMT  BuildTime: Jun 14 2023 03:45:01  BuildStamp: freesurfer-linux-ubuntu22_x86_64-7.4.1-20230614-7eb8460  User: chris  Machine: church  Platform: Linux  PlatformVersion: 6.2.0-37-generic  CompilerName: GCC  CompilerVersion: 8.4.0
ProgramName: mri_compute_overlap  ProgramArguments: mri_compute_overlap -all-info  ProgramVersion: 7.4.1  TimeStamp: 2023/12/05-02:50:09-GMT  BuildTime: Jun 14 2023 03:45:01  BuildStamp: freesurfer-linux-ubuntu22_x86_64-7.4.1-20230614-7eb8460  User: chris  Machine: church  Platform: Linux  PlatformVersion: 6.2.0-37-generic  CompilerName: GCC  CompilerVersion: 8.4.0
ProgramName: mri_compute_seg_overlap  ProgramArguments: mri_compute_seg_overlap -all-info  ProgramVersion: 7.4.1  TimeStamp: 2023/12/05-02:50:09-GMT  BuildTime: Jun 14 2023 03:45:01  BuildStamp: freesurfer-linux-ubuntu22_x86_64-7.4.1-20230614-7eb8460  User: chris  Machine: church  Platform: Linux  PlatformVersion: 6.2.0-37-generic  CompilerName: GCC  CompilerVersion: 8.4.0
ProgramName: mri_concat  ProgramArguments: mri_concat -all-info  ProgramVersion: 7.4.1  TimeStamp: 2023/12/05-02:50:09-GMT  BuildTime: Jun 14 2023 03:45:01  BuildStamp: freesurfer-linux-ubuntu22_x86_64-7.4.1-20230614-7eb8460  User: chris  Machine: church  Platform: Linux  PlatformVersion: 6.2.0-37-generic  CompilerName: GCC  CompilerVersion: 8.4.0
ProgramName: mri_concatenate_lta  ProgramArguments: mri_concatenate_lta -all-info  ProgramVersion: 7.4.1  TimeStamp: 2023/12/05-02:50:09-GMT  BuildTime: Jun 14 2023 03:45:01  BuildStamp: freesurfer-linux-ubuntu22_x86_64-7.4.1-20230614-7eb8460  User: chris  Machine: church  Platform: Linux  PlatformVersion: 6.2.0-37-generic  CompilerName: GCC  CompilerVersion: 8.4.0
mri_convert -all-info 
ProgramName: mri_convert  ProgramArguments: mri_convert -all-info  ProgramVersion: 7.4.1  TimeStamp: 2023/12/05-02:50:09-GMT  BuildTime: Jun 14 2023 03:45:01  BuildStamp: freesurfer-linux-ubuntu22_x86_64-7.4.1-20230614-7eb8460  User: chris  Machine: church  Platform: Linux  PlatformVersion: 6.2.0-37-generic  CompilerName: GCC  CompilerVersion: 8.4.0
ProgramName: mri_diff  ProgramArguments: mri_diff -all-info  ProgramVersion: 7.4.1  TimeStamp: 2023/12/05-02:50:09-GMT  BuildTime: Jun 14 2023 03:45:01  BuildStamp: freesurfer-linux-ubuntu22_x86_64-7.4.1-20230614-7eb8460  User: chris  Machine: church  Platform: Linux  PlatformVersion: 6.2.0-37-generic  CompilerName: GCC  CompilerVersion: 8.4.0
ProgramName: mri_edit_wm_with_aseg  ProgramArguments: mri_edit_wm_with_aseg -all-info  ProgramVersion: 7.4.1  TimeStamp: 2023/12/05-02:50:09-GMT  BuildTime: Jun 14 2023 03:45:01  BuildStamp: freesurfer-linux-ubuntu22_x86_64-7.4.1-20230614-7eb8460  User: chris  Machine: church  Platform: Linux  PlatformVersion: 6.2.0-37-generic  CompilerName: GCC  CompilerVersion: 8.4.0
ProgramName: mri_em_register  ProgramArguments: mri_em_register -all-info  ProgramVersion: 7.4.1  TimeStamp: 2023/12/05-02:50:09-GMT  BuildTime: Jun 14 2023 03:45:01  BuildStamp: freesurfer-linux-ubuntu22_x86_64-7.4.1-20230614-7eb8460  User: chris  Machine: church  Platform: Linux  PlatformVersion: 6.2.0-37-generic  CompilerName: GCC  CompilerVersion: 8.4.0
ProgramName: mri_fill  ProgramArguments: mri_fill -all-info  ProgramVersion: 7.4.1  TimeStamp: 2023/12/05-02:50:09-GMT  BuildTime: Jun 14 2023 03:45:01  BuildStamp: freesurfer-linux-ubuntu22_x86_64-7.4.1-20230614-7eb8460  User: chris  Machine: church  Platform: Linux  PlatformVersion: 6.2.0-37-generic  CompilerName: GCC  CompilerVersion: 8.4.0
ProgramName: mri_fuse_segmentations  ProgramArguments: mri_fuse_segmentations -all-info  ProgramVersion: 7.4.1  TimeStamp: 2023/12/05-02:50:09-GMT  BuildTime: Jun 14 2023 03:45:01  BuildStamp: freesurfer-linux-ubuntu22_x86_64-7.4.1-20230614-7eb8460  User: chris  Machine: church  Platform: Linux  PlatformVersion: 6.2.0-37-generic  CompilerName: GCC  CompilerVersion: 8.4.0
ProgramName: mri_fwhm  ProgramArguments: mri_fwhm -all-info  ProgramVersion: 7.4.1  TimeStamp: 2023/12/05-02:50:09-GMT  BuildTime: Jun 14 2023 03:45:01  BuildStamp: freesurfer-linux-ubuntu22_x86_64-7.4.1-20230614-7eb8460  User: chris  Machine: church  Platform: Linux  PlatformVersion: 6.2.0-37-generic  CompilerName: GCC  CompilerVersion: 8.4.0
ProgramName: mri_gcut  ProgramArguments: mri_gcut -all-info  ProgramVersion: 7.4.1  TimeStamp: 2023/12/05-02:50:09-GMT  BuildTime: Jun 14 2023 03:45:01  BuildStamp: freesurfer-linux-ubuntu22_x86_64-7.4.1-20230614-7eb8460  User: chris  Machine: church  Platform: Linux  PlatformVersion: 6.2.0-37-generic  CompilerName: GCC  CompilerVersion: 8.4.0
ProgramName: mri_info  ProgramArguments: mri_info -all-info  ProgramVersion: 7.4.1  TimeStamp: 2023/12/05-02:50:09-GMT  BuildTime: Jun 14 2023 03:45:01  BuildStamp: freesurfer-linux-ubuntu22_x86_64-7.4.1-20230614-7eb8460  User: chris  Machine: church  Platform: Linux  PlatformVersion: 6.2.0-37-generic  CompilerName: GCC  CompilerVersion: 8.4.0
ProgramName: mri_label2label  ProgramArguments: mri_label2label -all-info  ProgramVersion: 7.4.1  TimeStamp: 2023/12/05-02:50:09-GMT  BuildTime: Jun 14 2023 03:45:01  BuildStamp: freesurfer-linux-ubuntu22_x86_64-7.4.1-20230614-7eb8460  User: chris  Machine: church  Platform: Linux  PlatformVersion: 6.2.0-37-generic  CompilerName: GCC  CompilerVersion: 8.4.0
ProgramName: mri_label2vol  ProgramArguments: mri_label2vol -all-info  ProgramVersion: 7.4.1  TimeStamp: 2023/12/05-02:50:09-GMT  BuildTime: Jun 14 2023 03:45:01  BuildStamp: freesurfer-linux-ubuntu22_x86_64-7.4.1-20230614-7eb8460  User: chris  Machine: church  Platform: Linux  PlatformVersion: 6.2.0-37-generic  CompilerName: GCC  CompilerVersion: 8.4.0
ProgramName: mri_log_likelihood  ProgramArguments: mri_log_likelihood -all-info  ProgramVersion: 7.4.1  TimeStamp: 2023/12/05-02:50:09-GMT  BuildTime: Jun 14 2023 03:45:01  BuildStamp: freesurfer-linux-ubuntu22_x86_64-7.4.1-20230614-7eb8460  User: chris  Machine: church  Platform: Linux  PlatformVersion: 6.2.0-37-generic  CompilerName: GCC  CompilerVersion: 8.4.0
ProgramName: mri_mask  ProgramArguments: mri_mask -all-info  ProgramVersion: 7.4.1  TimeStamp: 2023/12/05-02:50:09-GMT  BuildTime: Jun 14 2023 03:45:01  BuildStamp: freesurfer-linux-ubuntu22_x86_64-7.4.1-20230614-7eb8460  User: chris  Machine: church  Platform: Linux  PlatformVersion: 6.2.0-37-generic  CompilerName: GCC  CompilerVersion: 8.4.0
ProgramName: mri_matrix_multiply  ProgramArguments: mri_matrix_multiply -all-info  ProgramVersion: 7.4.1  TimeStamp: 2023/12/05-02:50:09-GMT  BuildTime: Jun 14 2023 03:45:01  BuildStamp: freesurfer-linux-ubuntu22_x86_64-7.4.1-20230614-7eb8460  User: chris  Machine: church  Platform: Linux  PlatformVersion: 6.2.0-37-generic  CompilerName: GCC  CompilerVersion: 8.4.0
ProgramName: mri_normalize  ProgramArguments: mri_normalize -all-info  ProgramVersion: 7.4.1  TimeStamp: 2023/12/05-02:50:09-GMT  BuildTime: Jun 14 2023 03:45:01  BuildStamp: freesurfer-linux-ubuntu22_x86_64-7.4.1-20230614-7eb8460  User: chris  Machine: church  Platform: Linux  PlatformVersion: 6.2.0-37-generic  CompilerName: GCC  CompilerVersion: 8.4.0
ProgramName: mri_normalize_tp2  ProgramArguments: mri_normalize_tp2 -all-info  ProgramVersion: 7.4.1  TimeStamp: 2023/12/05-02:50:09-GMT  BuildTime: Jun 14 2023 03:45:01  BuildStamp: freesurfer-linux-ubuntu22_x86_64-7.4.1-20230614-7eb8460  User: chris  Machine: church  Platform: Linux  PlatformVersion: 6.2.0-37-generic  CompilerName: GCC  CompilerVersion: 8.4.0
ProgramName: mri_or  ProgramArguments: mri_or -all-info  ProgramVersion: 7.4.1  TimeStamp: 2023/12/05-02:50:09-GMT  BuildTime: Jun 14 2023 03:45:01  BuildStamp: freesurfer-linux-ubuntu22_x86_64-7.4.1-20230614-7eb8460  User: chris  Machine: church  Platform: Linux  PlatformVersion: 6.2.0-37-generic  CompilerName: GCC  CompilerVersion: 8.4.0
ProgramName: mri_relabel_hypointensities  ProgramArguments: mri_relabel_hypointensities -all-info  ProgramVersion: 7.4.1  TimeStamp: 2023/12/05-02:50:09-GMT  BuildTime: Jun 14 2023 03:45:01  BuildStamp: freesurfer-linux-ubuntu22_x86_64-7.4.1-20230614-7eb8460  User: chris  Machine: church  Platform: Linux  PlatformVersion: 6.2.0-37-generic  CompilerName: GCC  CompilerVersion: 8.4.0
ProgramName: mri_relabel_nonwm_hypos  ProgramArguments: mri_relabel_nonwm_hypos -all-info  ProgramVersion: 7.4.1  TimeStamp: 2023/12/05-02:50:09-GMT  BuildTime: Jun 14 2023 03:45:01  BuildStamp: freesurfer-linux-ubuntu22_x86_64-7.4.1-20230614-7eb8460  User: chris  Machine: church  Platform: Linux  PlatformVersion: 6.2.0-37-generic  CompilerName: GCC  CompilerVersion: 8.4.0
ProgramName: mri_remove_neck  ProgramArguments: mri_remove_neck -all-info  ProgramVersion: 7.4.1  TimeStamp: 2023/12/05-02:50:09-GMT  BuildTime: Jun 14 2023 03:45:01  BuildStamp: freesurfer-linux-ubuntu22_x86_64-7.4.1-20230614-7eb8460  User: chris  Machine: church  Platform: Linux  PlatformVersion: 6.2.0-37-generic  CompilerName: GCC  CompilerVersion: 8.4.0
7.4.1

ProgramName: mri_robust_register  ProgramArguments: mri_robust_register -all-info  ProgramVersion: 7.4.1  TimeStamp: 2023/12/05-02:50:09-GMT  BuildTime: Jun 14 2023 03:45:01  BuildStamp: freesurfer-linux-ubuntu22_x86_64-7.4.1-20230614-7eb8460  User: chris  Machine: church  Platform: Linux  PlatformVersion: 6.2.0-37-generic  CompilerName: GCC  CompilerVersion: 8.4.0
7.4.1

ProgramName: mri_robust_template  ProgramArguments: mri_robust_template -all-info  ProgramVersion: 7.4.1  TimeStamp: 2023/12/05-02:50:09-GMT  BuildTime: Jun 14 2023 03:45:01  BuildStamp: freesurfer-linux-ubuntu22_x86_64-7.4.1-20230614-7eb8460  User: chris  Machine: church  Platform: Linux  PlatformVersion: 6.2.0-37-generic  CompilerName: GCC  CompilerVersion: 8.4.0
ProgramName: mris_anatomical_stats  ProgramArguments: mris_anatomical_stats -all-info  ProgramVersion: 7.4.1  TimeStamp: 2023/12/05-02:50:09-GMT  BuildTime: Jun 14 2023 03:45:01  BuildStamp: freesurfer-linux-ubuntu22_x86_64-7.4.1-20230614-7eb8460  User: chris  Machine: church  Platform: Linux  PlatformVersion: 6.2.0-37-generic  CompilerName: GCC  CompilerVersion: 8.4.0
ProgramName: mris_ca_label  ProgramArguments: mris_ca_label -all-info  ProgramVersion: 7.4.1  TimeStamp: 2023/12/05-02:50:09-GMT  BuildTime: Jun 14 2023 03:45:01  BuildStamp: freesurfer-linux-ubuntu22_x86_64-7.4.1-20230614-7eb8460  User: chris  Machine: church  Platform: Linux  PlatformVersion: 6.2.0-37-generic  CompilerName: GCC  CompilerVersion: 8.4.0
ProgramName: mris_calc  ProgramArguments: mris_calc -all-info  ProgramVersion: 7.4.1  TimeStamp: 2023/12/05-02:50:09-GMT  BuildTime: Jun 14 2023 03:45:01  BuildStamp: freesurfer-linux-ubuntu22_x86_64-7.4.1-20230614-7eb8460  User: chris  Machine: church  Platform: Linux  PlatformVersion: 6.2.0-37-generic  CompilerName: GCC  CompilerVersion: 8.4.0
ProgramName: mris_convert  ProgramArguments: mris_convert -all-info  ProgramVersion: 7.4.1  TimeStamp: 2023/12/05-02:50:09-GMT  BuildTime: Jun 14 2023 03:45:01  BuildStamp: freesurfer-linux-ubuntu22_x86_64-7.4.1-20230614-7eb8460  User: chris  Machine: church  Platform: Linux  PlatformVersion: 6.2.0-37-generic  CompilerName: GCC  CompilerVersion: 8.4.0
ProgramName: mris_curvature  ProgramArguments: mris_curvature -all-info  ProgramVersion: 7.4.1  TimeStamp: 2023/12/05-02:50:09-GMT  BuildTime: Jun 14 2023 03:45:01  BuildStamp: freesurfer-linux-ubuntu22_x86_64-7.4.1-20230614-7eb8460  User: chris  Machine: church  Platform: Linux  PlatformVersion: 6.2.0-37-generic  CompilerName: GCC  CompilerVersion: 8.4.0
ProgramName: mris_curvature_stats  ProgramArguments: mris_curvature_stats -all-info  ProgramVersion: 7.4.1  TimeStamp: 2023/12/05-02:50:09-GMT  BuildTime: Jun 14 2023 03:45:01  BuildStamp: freesurfer-linux-ubuntu22_x86_64-7.4.1-20230614-7eb8460  User: chris  Machine: church  Platform: Linux  PlatformVersion: 6.2.0-37-generic  CompilerName: GCC  CompilerVersion: 8.4.0
ProgramName: mris_diff  ProgramArguments: mris_diff -all-info  ProgramVersion: 7.4.1  TimeStamp: 2023/12/05-02:50:09-GMT  BuildTime: Jun 14 2023 03:45:01  BuildStamp: freesurfer-linux-ubuntu22_x86_64-7.4.1-20230614-7eb8460  User: chris  Machine: church  Platform: Linux  PlatformVersion: 6.2.0-37-generic  CompilerName: GCC  CompilerVersion: 8.4.0
ProgramName: mris_divide_parcellation  ProgramArguments: mris_divide_parcellation -all-info  ProgramVersion: 7.4.1  TimeStamp: 2023/12/05-02:50:09-GMT  BuildTime: Jun 14 2023 03:45:01  BuildStamp: freesurfer-linux-ubuntu22_x86_64-7.4.1-20230614-7eb8460  User: chris  Machine: church  Platform: Linux  PlatformVersion: 6.2.0-37-generic  CompilerName: GCC  CompilerVersion: 8.4.0
ProgramName: mri_segment  ProgramArguments: mri_segment -all-info  ProgramVersion: 7.4.1  TimeStamp: 2023/12/05-02:50:09-GMT  BuildTime: Jun 14 2023 03:45:01  BuildStamp: freesurfer-linux-ubuntu22_x86_64-7.4.1-20230614-7eb8460  User: chris  Machine: church  Platform: Linux  PlatformVersion: 6.2.0-37-generic  CompilerName: GCC  CompilerVersion: 8.4.0
ProgramName: mri_segstats  ProgramArguments: mri_segstats -all-info  ProgramVersion: 7.4.1  TimeStamp: 2023/12/05-02:50:09-GMT  BuildTime: Jun 14 2023 03:45:01  BuildStamp: freesurfer-linux-ubuntu22_x86_64-7.4.1-20230614-7eb8460  User: chris  Machine: church  Platform: Linux  PlatformVersion: 6.2.0-37-generic  CompilerName: GCC  CompilerVersion: 8.4.0
ProgramName: mris_euler_number  ProgramArguments: mris_euler_number -all-info  ProgramVersion: 7.4.1  TimeStamp: 2023/12/05-02:50:09-GMT  BuildTime: Jun 14 2023 03:45:01  BuildStamp: freesurfer-linux-ubuntu22_x86_64-7.4.1-20230614-7eb8460  User: chris  Machine: church  Platform: Linux  PlatformVersion: 6.2.0-37-generic  CompilerName: GCC  CompilerVersion: 8.4.0
ProgramName: mris_fix_topology  ProgramArguments: mris_fix_topology -all-info  ProgramVersion: 7.4.1  TimeStamp: 2023/12/05-02:50:09-GMT  BuildTime: Jun 14 2023 03:45:01  BuildStamp: freesurfer-linux-ubuntu22_x86_64-7.4.1-20230614-7eb8460  User: chris  Machine: church  Platform: Linux  PlatformVersion: 6.2.0-37-generic  CompilerName: GCC  CompilerVersion: 8.4.0
ProgramName: mris_topo_fixer  ProgramArguments: mris_topo_fixer -all-info  ProgramVersion: 7.4.1  TimeStamp: 2023/12/05-02:50:09-GMT  BuildTime: Jun 14 2023 03:45:01  BuildStamp: freesurfer-linux-ubuntu22_x86_64-7.4.1-20230614-7eb8460  User: chris  Machine: church  Platform: Linux  PlatformVersion: 6.2.0-37-generic  CompilerName: GCC  CompilerVersion: 8.4.0
ProgramName: mris_jacobian  ProgramArguments: mris_jacobian -all-info  ProgramVersion: 7.4.1  TimeStamp: 2023/12/05-02:50:09-GMT  BuildTime: Jun 14 2023 03:45:01  BuildStamp: freesurfer-linux-ubuntu22_x86_64-7.4.1-20230614-7eb8460  User: chris  Machine: church  Platform: Linux  PlatformVersion: 6.2.0-37-generic  CompilerName: GCC  CompilerVersion: 8.4.0
ProgramName: mris_label2annot  ProgramArguments: mris_label2annot -all-info  ProgramVersion: 7.4.1  TimeStamp: 2023/12/05-02:50:09-GMT  BuildTime: Jun 14 2023 03:45:01  BuildStamp: freesurfer-linux-ubuntu22_x86_64-7.4.1-20230614-7eb8460  User: chris  Machine: church  Platform: Linux  PlatformVersion: 6.2.0-37-generic  CompilerName: GCC  CompilerVersion: 8.4.0
ProgramName: mris_left_right_register  ProgramArguments: mris_left_right_register -all-info  ProgramVersion: 7.4.1  TimeStamp: 2023/12/05-02:50:09-GMT  BuildTime: Jun 14 2023 03:45:01  BuildStamp: freesurfer-linux-ubuntu22_x86_64-7.4.1-20230614-7eb8460  User: chris  Machine: church  Platform: Linux  PlatformVersion: 6.2.0-37-generic  CompilerName: GCC  CompilerVersion: 8.4.0
ProgramName: mris_place_surface  ProgramArguments: mris_place_surface -all-info  ProgramVersion: 7.4.1  TimeStamp: 2023/12/05-02:50:09-GMT  BuildTime: Jun 14 2023 03:45:01  BuildStamp: freesurfer-linux-ubuntu22_x86_64-7.4.1-20230614-7eb8460  User: chris  Machine: church  Platform: Linux  PlatformVersion: 6.2.0-37-generic  CompilerName: GCC  CompilerVersion: 8.4.0
ProgramName: mrisp_paint  ProgramArguments: mrisp_paint -all-info  ProgramVersion: 7.4.1  TimeStamp: 2023/12/05-02:50:09-GMT  BuildTime: Jun 14 2023 03:45:01  BuildStamp: freesurfer-linux-ubuntu22_x86_64-7.4.1-20230614-7eb8460  User: chris  Machine: church  Platform: Linux  PlatformVersion: 6.2.0-37-generic  CompilerName: GCC  CompilerVersion: 8.4.0
ProgramName: mris_register  ProgramArguments: mris_register -all-info  ProgramVersion: 7.4.1  TimeStamp: 2023/12/05-02:50:09-GMT  BuildTime: Jun 14 2023 03:45:01  BuildStamp: freesurfer-linux-ubuntu22_x86_64-7.4.1-20230614-7eb8460  User: chris  Machine: church  Platform: Linux  PlatformVersion: 6.2.0-37-generic  CompilerName: GCC  CompilerVersion: 8.4.0
ProgramName: mris_smooth  ProgramArguments: mris_smooth -all-info  ProgramVersion: 7.4.1  TimeStamp: 2023/12/05-02:50:09-GMT  BuildTime: Jun 14 2023 03:45:01  BuildStamp: freesurfer-linux-ubuntu22_x86_64-7.4.1-20230614-7eb8460  User: chris  Machine: church  Platform: Linux  PlatformVersion: 6.2.0-37-generic  CompilerName: GCC  CompilerVersion: 8.4.0
ProgramName: mris_sphere  ProgramArguments: mris_sphere -all-info  ProgramVersion: 7.4.1  TimeStamp: 2023/12/05-02:50:09-GMT  BuildTime: Jun 14 2023 03:45:01  BuildStamp: freesurfer-linux-ubuntu22_x86_64-7.4.1-20230614-7eb8460  User: chris  Machine: church  Platform: Linux  PlatformVersion: 6.2.0-37-generic  CompilerName: GCC  CompilerVersion: 8.4.0
ProgramName: mris_surface_stats  ProgramArguments: mris_surface_stats -all-info  ProgramVersion: 7.4.1  TimeStamp: 2023/12/05-02:50:09-GMT  BuildTime: Jun 14 2023 03:45:01  BuildStamp: freesurfer-linux-ubuntu22_x86_64-7.4.1-20230614-7eb8460  User: chris  Machine: church  Platform: Linux  PlatformVersion: 6.2.0-37-generic  CompilerName: GCC  CompilerVersion: 8.4.0
ProgramName: mri_stats2seg  ProgramArguments: mri_stats2seg -all-info  ProgramVersion: 7.4.1  TimeStamp: 2023/12/05-02:50:09-GMT  BuildTime: Jun 14 2023 03:45:01  BuildStamp: freesurfer-linux-ubuntu22_x86_64-7.4.1-20230614-7eb8460  User: chris  Machine: church  Platform: Linux  PlatformVersion: 6.2.0-37-generic  CompilerName: GCC  CompilerVersion: 8.4.0
ProgramName: mris_thickness  ProgramArguments: mris_thickness -all-info  ProgramVersion: 7.4.1  TimeStamp: 2023/12/05-02:50:09-GMT  BuildTime: Jun 14 2023 03:45:01  BuildStamp: freesurfer-linux-ubuntu22_x86_64-7.4.1-20230614-7eb8460  User: chris  Machine: church  Platform: Linux  PlatformVersion: 6.2.0-37-generic  CompilerName: GCC  CompilerVersion: 8.4.0
ProgramName: mris_thickness_diff  ProgramArguments: mris_thickness_diff -all-info  ProgramVersion: 7.4.1  TimeStamp: 2023/12/05-02:50:09-GMT  BuildTime: Jun 14 2023 03:45:01  BuildStamp: freesurfer-linux-ubuntu22_x86_64-7.4.1-20230614-7eb8460  User: chris  Machine: church  Platform: Linux  PlatformVersion: 6.2.0-37-generic  CompilerName: GCC  CompilerVersion: 8.4.0
ProgramName: mris_topo_fixer  ProgramArguments: mris_topo_fixer -all-info  ProgramVersion: 7.4.1  TimeStamp: 2023/12/05-02:50:09-GMT  BuildTime: Jun 14 2023 03:45:01  BuildStamp: freesurfer-linux-ubuntu22_x86_64-7.4.1-20230614-7eb8460  User: chris  Machine: church  Platform: Linux  PlatformVersion: 6.2.0-37-generic  CompilerName: GCC  CompilerVersion: 8.4.0
ProgramName: mri_surf2surf  ProgramArguments: mri_surf2surf -all-info  ProgramVersion: 7.4.1  TimeStamp: 2023/12/05-02:50:09-GMT  BuildTime: Jun 14 2023 03:45:01  BuildStamp: freesurfer-linux-ubuntu22_x86_64-7.4.1-20230614-7eb8460  User: chris  Machine: church  Platform: Linux  PlatformVersion: 6.2.0-37-generic  CompilerName: GCC  CompilerVersion: 8.4.0
ProgramName: mri_surf2vol  ProgramArguments: mri_surf2vol -all-info  ProgramVersion: 7.4.1  TimeStamp: 2023/12/05-02:50:09-GMT  BuildTime: Jun 14 2023 03:45:01  BuildStamp: freesurfer-linux-ubuntu22_x86_64-7.4.1-20230614-7eb8460  User: chris  Machine: church  Platform: Linux  PlatformVersion: 6.2.0-37-generic  CompilerName: GCC  CompilerVersion: 8.4.0
ProgramName: mri_surfcluster  ProgramArguments: mri_surfcluster -all-info  ProgramVersion: 7.4.1  TimeStamp: 2023/12/05-02:50:09-GMT  BuildTime: Jun 14 2023 03:45:01  BuildStamp: freesurfer-linux-ubuntu22_x86_64-7.4.1-20230614-7eb8460  User: chris  Machine: church  Platform: Linux  PlatformVersion: 6.2.0-37-generic  CompilerName: GCC  CompilerVersion: 8.4.0
ProgramName: mris_volmask  ProgramArguments: mris_volmask -all-info  ProgramVersion: 7.4.1  TimeStamp: 2023/12/05-02:50:09-GMT  BuildTime: Jun 14 2023 03:45:01  BuildStamp: freesurfer-linux-ubuntu22_x86_64-7.4.1-20230614-7eb8460  User: chris  Machine: church  Platform: Linux  PlatformVersion: 6.2.0-37-generic  CompilerName: GCC  CompilerVersion: 8.4.0
ProgramName: mri_tessellate  ProgramArguments: mri_tessellate -all-info  ProgramVersion: 7.4.1  TimeStamp: 2023/12/05-02:50:09-GMT  BuildTime: Jun 14 2023 03:45:01  BuildStamp: freesurfer-linux-ubuntu22_x86_64-7.4.1-20230614-7eb8460  User: chris  Machine: church  Platform: Linux  PlatformVersion: 6.2.0-37-generic  CompilerName: GCC  CompilerVersion: 8.4.0
ProgramName: mri_vol2surf  ProgramArguments: mri_vol2surf -all-info  ProgramVersion: 7.4.1  TimeStamp: 2023/12/05-02:50:09-GMT  BuildTime: Jun 14 2023 03:45:01  BuildStamp: freesurfer-linux-ubuntu22_x86_64-7.4.1-20230614-7eb8460  User: chris  Machine: church  Platform: Linux  PlatformVersion: 6.2.0-37-generic  CompilerName: GCC  CompilerVersion: 8.4.0
ProgramName: mri_vol2vol  ProgramArguments: mri_vol2vol -all-info  ProgramVersion: 7.4.1  TimeStamp: 2023/12/05-02:50:09-GMT  BuildTime: Jun 14 2023 03:45:01  BuildStamp: freesurfer-linux-ubuntu22_x86_64-7.4.1-20230614-7eb8460  User: chris  Machine: church  Platform: Linux  PlatformVersion: 6.2.0-37-generic  CompilerName: GCC  CompilerVersion: 8.4.0
ProgramName: mri_voldiff  ProgramArguments: mri_voldiff -all-info  ProgramVersion: 7.4.1  TimeStamp: 2023/12/05-02:50:09-GMT  BuildTime: Jun 14 2023 03:45:01  BuildStamp: freesurfer-linux-ubuntu22_x86_64-7.4.1-20230614-7eb8460  User: chris  Machine: church  Platform: Linux  PlatformVersion: 6.2.0-37-generic  CompilerName: GCC  CompilerVersion: 8.4.0
ProgramName: mri_watershed  ProgramArguments: mri_watershed -all-info  ProgramVersion: 7.4.1  TimeStamp: 2023/12/05-02:50:09-GMT  BuildTime: Jun 14 2023 03:45:01  BuildStamp: freesurfer-linux-ubuntu22_x86_64-7.4.1-20230614-7eb8460  User: chris  Machine: church  Platform: Linux  PlatformVersion: 6.2.0-37-generic  CompilerName: GCC  CompilerVersion: 8.4.0
ProgramName: tkregister2  ProgramArguments: tkregister2_cmdl -all-info  ProgramVersion: 7.4.1  TimeStamp: 2023/12/05-02:50:09-GMT  BuildTime: Jun 14 2023 03:45:01  BuildStamp: freesurfer-linux-ubuntu22_x86_64-7.4.1-20230614-7eb8460  User: chris  Machine: church  Platform: Linux  PlatformVersion: 6.2.0-37-generic  CompilerName: GCC  CompilerVersion: 8.4.0
mri_motion_correct.fsl 7.4.1
mri_convert -all-info 
ProgramName: mri_convert  ProgramArguments: mri_convert -all-info  ProgramVersion: 7.4.1  TimeStamp: 2023/12/05-02:50:09-GMT  BuildTime: Jun 14 2023 03:45:01  BuildStamp: freesurfer-linux-ubuntu22_x86_64-7.4.1-20230614-7eb8460  User: chris  Machine: church  Platform: Linux  PlatformVersion: 6.2.0-37-generic  CompilerName: GCC  CompilerVersion: 8.4.0
Program nu_correct, built from:
Package MNI N3, version 1.12.0, compiled by nicks@terrier (x86_64-unknown-linux-gnu) on 2015-06-19 at 01:25:34
#######################################
GCADIR /usr/local/freesurfer/7.4.1/average
GCA RB_all_2020-01-02.gca
GCASkull RB_all_withskull_2020_01_02.gca
AvgCurvTif folding.atlas.acfb40.noaparc.i12.2016-08-02.tif
GCSDIR /usr/local/freesurfer/7.4.1/average
GCS DKaparc.atlas.acfb40.noaparc.i12.2016-08-02.gcs
#######################################
/data/nipreps-data/ds000005-freesurfer/subjects/sub-01

 mri_convert /data/nipreps-data/ds000005-freesurfer/sourcedata/ds000005/sub-01/anat/sub-01_T1w.nii.gz /data/nipreps-data/ds000005-freesurfer/subjects/sub-01/mri/orig/001.mgz 

mri_convert /data/nipreps-data/ds000005-freesurfer/sourcedata/ds000005/sub-01/anat/sub-01_T1w.nii.gz /data/nipreps-data/ds000005-freesurfer/subjects/sub-01/mri/orig/001.mgz 
reading from /data/nipreps-data/ds000005-freesurfer/sourcedata/ds000005/sub-01/anat/sub-01_T1w.nii.gz...
TR=2300.00, TE=0.00, TI=0.00, flip angle=0.00
i_ras = (1, 0, 0)
j_ras = (0, 1, 0)
k_ras = (0, 0, 1)
writing to /data/nipreps-data/ds000005-freesurfer/subjects/sub-01/mri/orig/001.mgz...
@#@FSTIME  2023:12:04:21:50:10 mri_convert N 2 e 0.89 S 0.00 U 0.85 P 96% M 18880 F 0 R 3304 W 0 c 6 w 2722 I 0 O 0 L 0.03 0.08 0.02
@#@FSLOADPOST 2023:12:04:21:50:10 mri_convert N 2 0.03 0.08 0.02

Started at Mon Dec 4 21:50:09 EST 2023 
Ended   at Mon Dec 4 21:50:11 EST 2023
#@#%# recon-all-run-time-hours 0.001
recon-all -s sub-01 finished without error at Mon Dec  4 21:50:11 EST 2023
